Arguments: 
  /usr/local/Cellar/node/9.8.0/bin/node /usr/local/Cellar/yarn/1.5.1_1/libexec/bin/yarn.js start

PATH: 
  /Users/tanelam/.rvm/gems/ruby-2.3.3/bin:/Users/tanelam/.rvm/gems/ruby-2.3.3@global/bin:/Users/tanelam/.rvm/rubies/ruby-2.3.3/bin:/Applications/Postgres.app/Contents/Versions/latest/bin:/usr/local:/usr/local/bin:/usr/local/sbin:/usr/bin:/usr/bin:/bin:/usr/sbin:/sbin:/usr/local/bin:/Users/tanelam/.rvm/bin

Yarn version: 
  1.5.1

Node version: 
  9.8.0

Platform: 
  darwin x64

npm manifest: 
  {
    "name": "5-building-forms-lab",
    "version": "0.1.0",
    "private": true,
    "devDependencies": {
      "jsdom": "^9.9.1",
      "mocha": "^3.2.0",
      "react-addons-test-utils": "^15.4.2",
      "react-scripts": "0.8.5",
      "webpack": "^1.14.0",
      "webpack-dev-server": "^1.16.2"
    },
    "dependencies": {
      "babel-core": "^6.22.1",
      "babel-loader": "^6.2.10",
      "babel-preset-airbnb": "^2.1.1",
      "babel-preset-es2015": "^6.22.0",
      "babel-preset-react": "^6.22.0",
      "babel-preset-stage-0": "^6.22.0",
      "chai": "^3.5.0",
      "enzyme": "^2.7.0",
      "expect": "^1.20.2",
      "react": "^15.4.2",
      "react-addons-test-utils": "^15.4.2",
      "react-dom": "^15.4.2",
      "react-redux": "^5.0.7",
      "redux": "^3.7.2",
      "sinon": "^1.17.7"
    },
    "scripts": {
      "start": "react-scripts start",
      "build": "react-scripts build",
      "test": "mocha -w test/helpers/browser.js test/*.js",
      "dev:hot": "webpack-dev-server --hot --inline --progress --colors --watch --display-error-details --display-cached --content-base ./",
      "test:watch": "npm run test -- --watch",
      "eject": "react-scripts eject"
    }
  }

yarn manifest: 
  No manifest

Lockfile: 
  No lockfile

Trace: 
  Error: Command failed.
  Exit code: 127
  Command: sh
  Arguments: -c react-scripts start
  Directory: /Users/tanelam/Development/four/create-store-lab-web-010818
  Output:
  
      at ProcessTermError.MessageError (/usr/local/Cellar/yarn/1.5.1_1/libexec/lib/cli.js:186:110)
      at new ProcessTermError (/usr/local/Cellar/yarn/1.5.1_1/libexec/lib/cli.js:226:113)
      at ChildProcess.<anonymous> (/usr/local/Cellar/yarn/1.5.1_1/libexec/lib/cli.js:30281:17)
      at ChildProcess.emit (events.js:180:13)
      at maybeClose (internal/child_process.js:936:16)
      at Process.ChildProcess._handle.onexit (internal/child_process.js:220:5)
